生成启动时间为 2015/11/11 22:07:09。
     1>项目“E:\Visual Studio 2013工作文件\CGwork0218\CGwork0218\CGwork0218.vcxproj”在节点 2 上(Build 个目标)。
     1>ClCompile:
         C:\Program Files (x86)\Microsoft Visual Studio 12.0\VC\bin\CL.exe /c /ZI /nologo /W3 /WX- /sdl /Od /Oy- /D WIN32 /D _WINDOWS /D _DEBUG /D _UNICODE /D UNICODE /D _AFXDLL /Gm /EHsc /RTC1 /MDd /GS /fp:precise /Zc:wchar_t /Zc:forScope /Yu"stdafx.h" /Fp"Debug\CGwork0218.pch" /Fo"Debug\\" /Fd"Debug\vc120.pdb" /Gd /TP /analyze- /errorReport:prompt CGwork0218View.cpp
         CGwork0218View.cpp
     1>e:\visual studio 2013工作文件\cgwork0218\cgwork0218\cgwork0218view.cpp(219): warning C4244: “参数”: 从“double”转换到“int”，可能丢失数据
     1>e:\visual studio 2013工作文件\cgwork0218\cgwork0218\cgwork0218view.cpp(220): warning C4244: “参数”: 从“double”转换到“int”，可能丢失数据
     1>e:\visual studio 2013工作文件\cgwork0218\cgwork0218\cgwork0218view.cpp(228): warning C4244: “=”: 从“double”转换到“LONG”，可能丢失数据
     1>e:\visual studio 2013工作文件\cgwork0218\cgwork0218\cgwork0218view.cpp(229): warning C4244: “=”: 从“double”转换到“LONG”，可能丢失数据
     1>e:\visual studio 2013工作文件\cgwork0218\cgwork0218\cgwork0218view.cpp(230): warning C4244: “=”: 从“double”转换到“LONG”，可能丢失数据
     1>e:\visual studio 2013工作文件\cgwork0218\cgwork0218\cgwork0218view.cpp(231): warning C4244: “=”: 从“double”转换到“LONG”，可能丢失数据
     1>e:\visual studio 2013工作文件\cgwork0218\cgwork0218\cgwork0218view.cpp(263): warning C4018: “<”: 有符号/无符号不匹配
     1>e:\visual studio 2013工作文件\cgwork0218\cgwork0218\cgwork0218view.cpp(275): warning C4018: “<”: 有符号/无符号不匹配
     1>e:\visual studio 2013工作文件\cgwork0218\cgwork0218\cgwork0218view.cpp(280): warning C4018: “<”: 有符号/无符号不匹配
     1>e:\visual studio 2013工作文件\cgwork0218\cgwork0218\cgwork0218view.cpp(770): warning C4244: “初始化”: 从“double”转换到“float”，可能丢失数据
     1>e:\visual studio 2013工作文件\cgwork0218\cgwork0218\cgwork0218view.cpp(1664): warning C4244: “参数”: 从“double”转换到“int”，可能丢失数据
     1>e:\visual studio 2013工作文件\cgwork0218\cgwork0218\cgwork0218view.cpp(1744): warning C4018: “<”: 有符号/无符号不匹配
       Link:
         C:\Program Files (x86)\Microsoft Visual Studio 12.0\VC\bin\link.exe /ERRORREPORT:PROMPT /OUT:"E:\Visual Studio 2013工作文件\CGwork0218\Debug\CGwork0218.exe" /INCREMENTAL /NOLOGO /MANIFEST /MANIFESTUAC:"level='asInvoker' uiAccess='false'" /manifest:embed /manifestinput:"C:\Program Files (x86)\Microsoft Visual Studio 12.0\VC\Include\Manifest\dpiaware.manifest" /DEBUG /PDB:"E:\Visual Studio 2013工作文件\CGwork0218\Debug\CGwork0218.pdb" /SUBSYSTEM:WINDOWS /TLBID:1 /ENTRY:"wWinMainCRTStartup" /DYNAMICBASE /NXCOMPAT /IMPLIB:"E:\Visual Studio 2013工作文件\CGwork0218\Debug\CGwork0218.lib" /MACHINE:X86 Debug\CGwork0218.res
         Debug\Beizer.obj
         Debug\BGSMDialog.obj
         Debug\CGwork0218.obj
         Debug\CGwork0218Doc.obj
         Debug\CGwork0218View.obj
         Debug\Circle.obj
         Debug\DlgRotate.obj
         Debug\Fill.obj
         Debug\Line.obj
         Debug\MainFrm.obj
         Debug\MoveCubeDialog.obj
         Debug\MoveDialog.obj
         Debug\RoateCubeDialog.obj
         Debug\Sharp.obj
         Debug\stdafx.obj
         CGwork0218.vcxproj -> E:\Visual Studio 2013工作文件\CGwork0218\Debug\CGwork0218.exe
     1>已完成生成项目“E:\Visual Studio 2013工作文件\CGwork0218\CGwork0218\CGwork0218.vcxproj”(Build 个目标)的操作。

生成成功。

已用时间 00:00:02.05
